1590433665900	mozrunner::runner	INFO	Running command: "/usr/bin/firefox" "-marionette" "-foreground" "-no-remote" "-profile" "/tmp/rust_mozprofileTAeaph"
1590433672454	addons.webextension.doh-rollout@mozilla.org	WARN	Loading extension 'doh-rollout@mozilla.org': Reading manifest: Invalid extension permission: networkStatus
1590433675729	addons.webextension.screenshots@mozilla.org	WARN	Loading extension 'screenshots@mozilla.org': Reading manifest: Invalid extension permission: mozillaAddons
1590433675729	addons.webextension.screenshots@mozilla.org	WARN	Loading extension 'screenshots@mozilla.org': Reading manifest: Invalid extension permission: telemetry
1590433675729	addons.webextension.screenshots@mozilla.org	WARN	Loading extension 'screenshots@mozilla.org': Reading manifest: Invalid extension permission: resource://pdf.js/
1590433675729	addons.webextension.screenshots@mozilla.org	WARN	Loading extension 'screenshots@mozilla.org': Reading manifest: Invalid extension permission: about:reader*
1590433689089	Marionette	INFO	Listening on port 44947
1590433689176	Marionette	WARN	TLS certificate errors will be ignored for this session
1590433732704	Marionette	INFO	Stopped listening on port 44947
1590433843668	mozrunner::runner	INFO	Running command: "/usr/bin/firefox" "-marionette" "-foreground" "-no-remote" "-profile" "/tmp/rust_mozprofile56VZ63"
1590433844790	addons.webextension.doh-rollout@mozilla.org	WARN	Loading extension 'doh-rollout@mozilla.org': Reading manifest: Invalid extension permission: networkStatus
1590433847883	addons.webextension.screenshots@mozilla.org	WARN	Loading extension 'screenshots@mozilla.org': Reading manifest: Invalid extension permission: mozillaAddons
1590433847883	addons.webextension.screenshots@mozilla.org	WARN	Loading extension 'screenshots@mozilla.org': Reading manifest: Invalid extension permission: telemetry
1590433847883	addons.webextension.screenshots@mozilla.org	WARN	Loading extension 'screenshots@mozilla.org': Reading manifest: Invalid extension permission: resource://pdf.js/
1590433847883	addons.webextension.screenshots@mozilla.org	WARN	Loading extension 'screenshots@mozilla.org': Reading manifest: Invalid extension permission: about:reader*
1590433852015	Marionette	INFO	Listening on port 34799
1590433852093	Marionette	WARN	TLS certificate errors will be ignored for this session
JavaScript error: , line 0: UnknownError: The operation failed for reasons unrelated to the database itself and not covered by any other error code.
1590433932384	Marionette	INFO	Stopped listening on port 34799
1592487841983	mozrunner::runner	INFO	Running command: "/usr/bin/firefox" "-marionette" "-foreground" "-no-remote" "-profile" "/tmp/rust_mozprofileE9Te5B"
1592487848361	addons.webextension.doh-rollout@mozilla.org	WARN	Loading extension 'doh-rollout@mozilla.org': Reading manifest: Invalid extension permission: networkStatus
1592487851413	addons.webextension.screenshots@mozilla.org	WARN	Loading extension 'screenshots@mozilla.org': Reading manifest: Invalid extension permission: mozillaAddons
1592487851413	addons.webextension.screenshots@mozilla.org	WARN	Loading extension 'screenshots@mozilla.org': Reading manifest: Invalid extension permission: telemetry
1592487851413	addons.webextension.screenshots@mozilla.org	WARN	Loading extension 'screenshots@mozilla.org': Reading manifest: Invalid extension permission: resource://pdf.js/
1592487851413	addons.webextension.screenshots@mozilla.org	WARN	Loading extension 'screenshots@mozilla.org': Reading manifest: Invalid extension permission: about:reader*
1592487862213	Marionette	INFO	Listening on port 39863
1592487862335	Marionette	WARN	TLS certificate errors will be ignored for this session

###!!! [Parent][MessageChannel] Error: (msgtype=0x8000D,name=PBackgroundIDBDatabase::Msg_Invalidate) Channel error: cannot send/recv


###!!! [Parent][MessageChannel] Error: (msgtype=0x8000E,name=PBackgroundIDBDatabase::Msg_CloseAfterInvalidationComplete) Channel error: cannot send/recv

1592487906593	Marionette	INFO	Stopped listening on port 39863
1592488073690	mozrunner::runner	INFO	Running command: "/usr/bin/firefox" "-marionette" "-foreground" "-no-remote" "-profile" "/tmp/rust_mozprofileTUdfUj"
1592488074589	addons.webextension.doh-rollout@mozilla.org	WARN	Loading extension 'doh-rollout@mozilla.org': Reading manifest: Invalid extension permission: networkStatus
1592488077229	addons.webextension.screenshots@mozilla.org	WARN	Loading extension 'screenshots@mozilla.org': Reading manifest: Invalid extension permission: mozillaAddons
1592488077229	addons.webextension.screenshots@mozilla.org	WARN	Loading extension 'screenshots@mozilla.org': Reading manifest: Invalid extension permission: telemetry
1592488077229	addons.webextension.screenshots@mozilla.org	WARN	Loading extension 'screenshots@mozilla.org': Reading manifest: Invalid extension permission: resource://pdf.js/
1592488077229	addons.webextension.screenshots@mozilla.org	WARN	Loading extension 'screenshots@mozilla.org': Reading manifest: Invalid extension permission: about:reader*
1592488080359	Marionette	INFO	Listening on port 45235
1592488080408	Marionette	WARN	TLS certificate errors will be ignored for this session
JavaScript error: , line 0: UnknownError: The operation failed for reasons unrelated to the database itself and not covered by any other error code.
1592488234170	Marionette	INFO	Stopped listening on port 45235
1594837832548	mozrunner::runner	INFO	Running command: "/usr/bin/firefox" "-marionette" "-foreground" "-no-remote" "-profile" "/tmp/rust_mozprofileOQmSNW"
1594837839296	addons.webextension.doh-rollout@mozilla.org	WARN	Loading extension 'doh-rollout@mozilla.org': Reading manifest: Invalid extension permission: networkStatus
1594837843064	addons.webextension.screenshots@mozilla.org	WARN	Loading extension 'screenshots@mozilla.org': Reading manifest: Invalid extension permission: mozillaAddons
1594837843064	addons.webextension.screenshots@mozilla.org	WARN	Loading extension 'screenshots@mozilla.org': Reading manifest: Invalid extension permission: telemetry
1594837843064	addons.webextension.screenshots@mozilla.org	WARN	Loading extension 'screenshots@mozilla.org': Reading manifest: Invalid extension permission: resource://pdf.js/
1594837843064	addons.webextension.screenshots@mozilla.org	WARN	Loading extension 'screenshots@mozilla.org': Reading manifest: Invalid extension permission: about:reader*
1594837852989	Marionette	INFO	Listening on port 45221
1594837853066	Marionette	WARN	TLS certificate errors will be ignored for this session
JavaScript error: resource://gre/modules/XULStore.jsm, line 66: Error: Can't find profile directory.

###!!! [Parent][MessageChannel] Error: (msgtype=0x8000D,name=PBackgroundIDBDatabase::Msg_Invalidate) Channel error: cannot send/recv


###!!! [Parent][MessageChannel] Error: (msgtype=0x8000E,name=PBackgroundIDBDatabase::Msg_CloseAfterInvalidationComplete) Channel error: cannot send/recv

1594837975008	Marionette	INFO	Stopped listening on port 45221
1594837979548	mozrunner::runner	INFO	Running command: "/usr/bin/firefox" "-marionette" "-foreground" "-no-remote" "-profile" "/tmp/rust_mozprofileXxrXNo"
1594837980578	addons.webextension.doh-rollout@mozilla.org	WARN	Loading extension 'doh-rollout@mozilla.org': Reading manifest: Invalid extension permission: networkStatus
1594837983572	addons.webextension.screenshots@mozilla.org	WARN	Loading extension 'screenshots@mozilla.org': Reading manifest: Invalid extension permission: mozillaAddons
1594837983572	addons.webextension.screenshots@mozilla.org	WARN	Loading extension 'screenshots@mozilla.org': Reading manifest: Invalid extension permission: telemetry
1594837983572	addons.webextension.screenshots@mozilla.org	WARN	Loading extension 'screenshots@mozilla.org': Reading manifest: Invalid extension permission: resource://pdf.js/
1594837983572	addons.webextension.screenshots@mozilla.org	WARN	Loading extension 'screenshots@mozilla.org': Reading manifest: Invalid extension permission: about:reader*
1594837986775	Marionette	INFO	Listening on port 41229
1594837986875	Marionette	WARN	TLS certificate errors will be ignored for this session
1594838036906	Marionette	INFO	Stopped listening on port 41229
1594838161867	mozrunner::runner	INFO	Running command: "/usr/bin/firefox" "-marionette" "-foreground" "-no-remote" "-profile" "/tmp/rust_mozprofileYUaMXe"
1594838163283	addons.webextension.doh-rollout@mozilla.org	WARN	Loading extension 'doh-rollout@mozilla.org': Reading manifest: Invalid extension permission: networkStatus
1594838166849	addons.webextension.screenshots@mozilla.org	WARN	Loading extension 'screenshots@mozilla.org': Reading manifest: Invalid extension permission: mozillaAddons
1594838166849	addons.webextension.screenshots@mozilla.org	WARN	Loading extension 'screenshots@mozilla.org': Reading manifest: Invalid extension permission: telemetry
1594838166850	addons.webextension.screenshots@mozilla.org	WARN	Loading extension 'screenshots@mozilla.org': Reading manifest: Invalid extension permission: resource://pdf.js/
1594838166850	addons.webextension.screenshots@mozilla.org	WARN	Loading extension 'screenshots@mozilla.org': Reading manifest: Invalid extension permission: about:reader*
1594838170263	Marionette	INFO	Listening on port 37515
1594838170292	Marionette	WARN	TLS certificate errors will be ignored for this session
JavaScript error: , line 0: UnknownError: The operation failed for reasons unrelated to the database itself and not covered by any other error code.
1594840249237	Marionette	INFO	Stopped listening on port 37515
1594840250406	mozrunner::runner	INFO	Running command: "/usr/bin/firefox" "-marionette" "-foreground" "-no-remote" "-profile" "/tmp/rust_mozprofiledLn2ok"
1594840251592	addons.webextension.doh-rollout@mozilla.org	WARN	Loading extension 'doh-rollout@mozilla.org': Reading manifest: Invalid extension permission: networkStatus
1594840254876	addons.webextension.screenshots@mozilla.org	WARN	Loading extension 'screenshots@mozilla.org': Reading manifest: Invalid extension permission: mozillaAddons
1594840254876	addons.webextension.screenshots@mozilla.org	WARN	Loading extension 'screenshots@mozilla.org': Reading manifest: Invalid extension permission: telemetry
1594840254877	addons.webextension.screenshots@mozilla.org	WARN	Loading extension 'screenshots@mozilla.org': Reading manifest: Invalid extension permission: resource://pdf.js/
1594840254877	addons.webextension.screenshots@mozilla.org	WARN	Loading extension 'screenshots@mozilla.org': Reading manifest: Invalid extension permission: about:reader*
1594840257948	Marionette	INFO	Listening on port 33421
1594840258025	Marionette	WARN	TLS certificate errors will be ignored for this session
JavaScript error: , line 0: UnknownError: The operation failed for reasons unrelated to the database itself and not covered by any other error code.
1594840772038	Marionette	INFO	Stopped listening on port 33421
1594840797115	mozrunner::runner	INFO	Running command: "/usr/bin/firefox" "-marionette" "-foreground" "-no-remote" "-profile" "/tmp/rust_mozprofilebdqaKC"
1594840798377	addons.webextension.doh-rollout@mozilla.org	WARN	Loading extension 'doh-rollout@mozilla.org': Reading manifest: Invalid extension permission: networkStatus
1594840800862	addons.webextension.screenshots@mozilla.org	WARN	Loading extension 'screenshots@mozilla.org': Reading manifest: Invalid extension permission: mozillaAddons
1594840800862	addons.webextension.screenshots@mozilla.org	WARN	Loading extension 'screenshots@mozilla.org': Reading manifest: Invalid extension permission: telemetry
1594840800862	addons.webextension.screenshots@mozilla.org	WARN	Loading extension 'screenshots@mozilla.org': Reading manifest: Invalid extension permission: resource://pdf.js/
1594840800862	addons.webextension.screenshots@mozilla.org	WARN	Loading extension 'screenshots@mozilla.org': Reading manifest: Invalid extension permission: about:reader*
1594840804075	Marionette	INFO	Listening on port 37845
1594840804132	Marionette	WARN	TLS certificate errors will be ignored for this session
1594840819905	Marionette	WARN	TimedPromise timed out after 500 ms: stacktrace:
TimedPromise/<@chrome://marionette/content/sync.js:244:13
TimedPromise@chrome://marionette/content/sync.js:229:10
interaction.flushEventLoop@chrome://marionette/content/interaction.js:416:10
webdriverClickElement@chrome://marionette/content/interaction.js:182:31
send@https://opensource-demo.orangehrmlive.com/webres_5ebd1457b45137.49759927/js/jquery/jquery-3.4.1.min.js:2:81476
ajax@https://opensource-demo.orangehrmlive.com/webres_5ebd1457b45137.49759927/js/jquery/jquery-3.4.1.min.js:2:77295
k._evalUrl@https://opensource-demo.orangehrmlive.com/webres_5ebd1457b45137.49759927/js/jquery/jquery-3.4.1.min.js:2:79350
Ie@https://opensource-demo.orangehrmlive.com/webres_5ebd1457b45137.49759927/js/jquery/jquery-3.4.1.min.js:2:48088
append@https://opensource-demo.orangehrmlive.com/webres_5ebd1457b45137.49759927/js/jquery/jquery-3.4.1.min.js:2:49520
html/<@https://opensource-demo.orangehrmlive.com/webres_5ebd1457b45137.49759927/js/jquery/jquery-3.4.1.min.js:2:50612
_@https://opensource-demo.orangehrmlive.com/webres_5ebd1457b45137.49759927/js/jquery/jquery-3.4.1.min.js:2:31840
html@https://opensource-demo.orangehrmlive.com/webres_5ebd1457b45137.49759927/js/jquery/jquery-3.4.1.min.js:2:50290
success@https://opensource-demo.orangehrmlive.com/index.php/dashboard:1100:36
c@https://opensource-demo.orangehrmlive.com/webres_5ebd1457b45137.49759927/js/jquery/jquery-3.4.1.min.js:2:27742
fireWith@https://opensource-demo.orangehrmlive.com/webres_5ebd1457b45137.49759927/js/jquery/jquery-3.4.1.min.js:2:28487
l@https://opensource-demo.orangehrmlive.com/webres_5ebd1457b45137.49759927/js/jquery/jquery-3.4.1.min.js:2:78789
o/<@https://opensource-demo.orangehrmlive.com/webres_5ebd1457b45137.49759927/js/jquery/jquery-3.4.1.min.js:2:81117
JavaScript error: , line 0: UnknownError: The operation failed for reasons unrelated to the database itself and not covered by any other error code.
1594840898844	Marionette	INFO	Stopped listening on port 37845
1594840903166	mozrunner::runner	INFO	Running command: "/usr/bin/firefox" "-marionette" "-foreground" "-no-remote" "-profile" "/tmp/rust_mozprofileX0y07w"
1594840903889	addons.webextension.doh-rollout@mozilla.org	WARN	Loading extension 'doh-rollout@mozilla.org': Reading manifest: Invalid extension permission: networkStatus
1594840906969	addons.webextension.screenshots@mozilla.org	WARN	Loading extension 'screenshots@mozilla.org': Reading manifest: Invalid extension permission: mozillaAddons
1594840906969	addons.webextension.screenshots@mozilla.org	WARN	Loading extension 'screenshots@mozilla.org': Reading manifest: Invalid extension permission: telemetry
1594840906969	addons.webextension.screenshots@mozilla.org	WARN	Loading extension 'screenshots@mozilla.org': Reading manifest: Invalid extension permission: resource://pdf.js/
1594840906969	addons.webextension.screenshots@mozilla.org	WARN	Loading extension 'screenshots@mozilla.org': Reading manifest: Invalid extension permission: about:reader*
1594840910336	Marionette	INFO	Listening on port 35855
1594840910395	Marionette	WARN	TLS certificate errors will be ignored for this session
1594840924458	Marionette	WARN	TimedPromise timed out after 500 ms: stacktrace:
TimedPromise/<@chrome://marionette/content/sync.js:244:13
TimedPromise@chrome://marionette/content/sync.js:229:10
interaction.flushEventLoop@chrome://marionette/content/interaction.js:416:10
webdriverClickElement@chrome://marionette/content/interaction.js:182:31
send@https://opensource-demo.orangehrmlive.com/webres_5ebd1457b45137.49759927/js/jquery/jquery-3.4.1.min.js:2:81476
ajax@https://opensource-demo.orangehrmlive.com/webres_5ebd1457b45137.49759927/js/jquery/jquery-3.4.1.min.js:2:77295
k._evalUrl@https://opensource-demo.orangehrmlive.com/webres_5ebd1457b45137.49759927/js/jquery/jquery-3.4.1.min.js:2:79350
Ie@https://opensource-demo.orangehrmlive.com/webres_5ebd1457b45137.49759927/js/jquery/jquery-3.4.1.min.js:2:48088
append@https://opensource-demo.orangehrmlive.com/webres_5ebd1457b45137.49759927/js/jquery/jquery-3.4.1.min.js:2:49520
html/<@https://opensource-demo.orangehrmlive.com/webres_5ebd1457b45137.49759927/js/jquery/jquery-3.4.1.min.js:2:50612
_@https://opensource-demo.orangehrmlive.com/webres_5ebd1457b45137.49759927/js/jquery/jquery-3.4.1.min.js:2:31840
html@https://opensource-demo.orangehrmlive.com/webres_5ebd1457b45137.49759927/js/jquery/jquery-3.4.1.min.js:2:50290
success@https://opensource-demo.orangehrmlive.com/index.php/dashboard:1100:36
c@https://opensource-demo.orangehrmlive.com/webres_5ebd1457b45137.49759927/js/jquery/jquery-3.4.1.min.js:2:27742
fireWith@https://opensource-demo.orangehrmlive.com/webres_5ebd1457b45137.49759927/js/jquery/jquery-3.4.1.min.js:2:28487
l@https://opensource-demo.orangehrmlive.com/webres_5ebd1457b45137.49759927/js/jquery/jquery-3.4.1.min.js:2:78789
o/<@https://opensource-demo.orangehrmlive.com/webres_5ebd1457b45137.49759927/js/jquery/jquery-3.4.1.min.js:2:81117
JavaScript error: , line 0: UnknownError: The operation failed for reasons unrelated to the database itself and not covered by any other error code.
1594844641479	Marionette	INFO	Stopped listening on port 35855
